0 info it worked if it ends with ok
1 verbose cli [ 'node', '/usr/local/bin/npm', 'publish' ]
2 info using npm@2.0.0-alpha-5
3 info using node@v0.10.28
4 verbose publish [ '.' ]
5 verbose cache add [ '.', null ]
6 verbose cache add spec="." args=[".",null]
7 verbose cache add local package /Users/cherijs/_REPO/generator-ullasoc
8 silly lockFile 3a52ce78- .
9 verbose lock . /Users/cherijs/.npm/3a52ce78-.lock
10 verbose tar pack [ '/Users/cherijs/.npm/generator-ullasoc/0.0.6/package.tgz',
10 verbose tar pack   '.' ]
11 verbose tarball /Users/cherijs/.npm/generator-ullasoc/0.0.6/package.tgz
12 verbose folder .
13 info prepublish generator-ullasoc@0.0.6
14 silly lockFile 1f1177db-tar tar://.
15 verbose lock tar://. /Users/cherijs/.npm/1f1177db-tar.lock
16 silly lockFile 7af09038-erator-ullasoc-0-0-6-package-tgz tar:///Users/cherijs/.npm/generator-ullasoc/0.0.6/package.tgz
17 verbose lock tar:///Users/cherijs/.npm/generator-ullasoc/0.0.6/package.tgz /Users/cherijs/.npm/7af09038-erator-ullasoc-0-0-6-package-tgz.lock
18 silly lockFile 1f1177db-tar tar://.
19 silly lockFile 1f1177db-tar tar://.
20 silly lockFile 7af09038-erator-ullasoc-0-0-6-package-tgz tar:///Users/cherijs/.npm/generator-ullasoc/0.0.6/package.tgz
21 silly lockFile 7af09038-erator-ullasoc-0-0-6-package-tgz tar:///Users/cherijs/.npm/generator-ullasoc/0.0.6/package.tgz
22 silly lockFile 50af8151--generator-ullasoc-0-0-6-package /Users/cherijs/.npm/generator-ullasoc/0.0.6/package
23 verbose lock /Users/cherijs/.npm/generator-ullasoc/0.0.6/package /Users/cherijs/.npm/50af8151--generator-ullasoc-0-0-6-package.lock
24 silly lockFile 50af8151--generator-ullasoc-0-0-6-package /Users/cherijs/.npm/generator-ullasoc/0.0.6/package
25 silly lockFile 50af8151--generator-ullasoc-0-0-6-package /Users/cherijs/.npm/generator-ullasoc/0.0.6/package
26 silly lockFile 3a52ce78- .
27 silly lockFile 3a52ce78- .
28 silly publish { name: 'generator-ullasoc',
28 silly publish   version: '0.0.6',
28 silly publish   description: 'Scaffold out a front-end web with social login',
28 silly publish   license: 'MIT',
28 silly publish   main: 'app/index.js',
28 silly publish   repository:
28 silly publish    { type: 'git',
28 silly publish      url: 'https://github.com/cherijs/generator-ullasoc.git' },
28 silly publish   author:
28 silly publish    { name: 'Arturs Cirsis',
28 silly publish      email: 'arturs.cirsis@gmail.com',
28 silly publish      url: 'https://github.com/cherijs' },
28 silly publish   engines: { node: '>=0.10.0', npm: '>=1.2.10' },
28 silly publish   scripts: { test: 'mocha' },
28 silly publish   files: [ 'app' ],
28 silly publish   keywords:
28 silly publish    [ 'yeoman-generator',
28 silly publish      'web',
28 silly publish      'front-end',
28 silly publish      'h5bp',
28 silly publish      'html',
28 silly publish      'boilerplate',
28 silly publish      'template',
28 silly publish      'sass',
28 silly publish      'modernizr',
28 silly publish      'jquery',
28 silly publish      'grunt' ],
28 silly publish   dependencies:
28 silly publish    { chalk: '^0.4.0',
28 silly publish      cheerio: '^0.17.0',
28 silly publish      'yeoman-generator': '~0.16.0',
28 silly publish      yosay: '^0.2.0' },
28 silly publish   peerDependencies: { yo: '>=1.0.0' },
28 silly publish   devDependencies: { mocha: '*', underscore: '^1.6.0' },
28 silly publish   readme: '# generator-Ullasoc [![Build Status](https://secure.travis-ci.org/cherijs/generator-ullasoc.png?branch=master)](https://travis-ci.org/cherijs/generator-ullasoc)\n\n> [Yeoman](http://yeoman.io) generator\n\n\n## Getting Started\n\n\n```bash\n$ npm install -g yo\n```\n\n### Yeoman Generators\n\nYeoman travels light. He didn\'t pack any generators when he moved in. You can think of a generator like a plug-in. You get to choose what type of application you wish to create, such as a Backbone application or even a Chrome extension.\n\nTo install generator-Ullasoc from npm, run:\n\n```bash\n$ npm install -g generator-ullasoc\n```\n\nFinally, initiate the generator:\n\n```bash\n$ yo ullasoc\n```\n\n\n\n### Steps you need to do!!!\n\n1. Laounch MAMP and make virtual host to this (root) folder! ex: http://localhost\n2. start grunt server with command: $ grunt\n\nHappy coding :)\n\n\n### Grunt commands\n\nTo start Grunt server (compass, browsersync) type:\n\n```bash\n$ grunt\n```\n\nTo add bower component\n```bash\n$ bower install jQuery -—save\n```\n\nTo remove bower component\n```bash\n$ bower uninstall jQuery -—save\n```\n\nTo link added bower components to html (no need to do it, if you adding bower components like example before and you are in server mode)\n```bash\n$ grunt bowerInstall\n```\n\n\n To build production build\n\n```bash\n$ grunt build\n```\n\n\n### Getting To Know Yeoman\n\nYeoman has a heart of gold. He\'s a person with feelings and opinions, but he\'s very easy to work with. If you think he\'s too opinionated, he can be easily convinced.\n\nIf you\'d like to get to know Yeoman better and meet some of his friends, [Grunt](http://gruntjs.com) and [Bower](http://bower.io), check out the complete [Getting Started Guide](https://github.com/yeoman/yeoman/wiki/Getting-Started).\n\n\n## License\n\nMIT\n',
28 silly publish   readmeFilename: 'README.md',
28 silly publish   gitHead: 'da6603275cdb122a35858fb76b57a62b2bc662d6',
28 silly publish   bugs: { url: 'https://github.com/cherijs/generator-ullasoc/issues' },
28 silly publish   homepage: 'https://github.com/cherijs/generator-ullasoc',
28 silly publish   _id: 'generator-ullasoc@0.0.6',
28 silly publish   _shasum: 'b9f018f8881bc0fc7d7b1ee7b83c857692484a83',
28 silly publish   _from: '.' }
29 verbose mapToRegistry name generator-ullasoc
30 verbose mapToRegistry uri https://registry.npmjs.org/generator-ullasoc
31 verbose publish registryBase https://registry.npmjs.org/
32 verbose request where is /generator-ullasoc
33 verbose request registry https://registry.npmjs.org/
34 verbose request id 1e4122ed6173784f
35 verbose request url raw /generator-ullasoc
36 verbose request url resolving [ 'https://registry.npmjs.org/', './generator-ullasoc' ]
37 verbose request url resolved https://registry.npmjs.org/generator-ullasoc
38 verbose request where is https://registry.npmjs.org/generator-ullasoc
39 verbose request setting basic auth
40 info trying registry request attempt 1 at 13:06:21
41 http PUT https://registry.npmjs.org/generator-ullasoc
42 http 403 https://registry.npmjs.org/generator-ullasoc
43 verbose headers { date: 'Mon, 20 Oct 2014 10:06:23 GMT',
43 verbose headers   server: 'CouchDB/1.5.0 (Erlang OTP/R16B03)',
43 verbose headers   'content-type': 'application/json',
43 verbose headers   'cache-control': 'max-age=60',
43 verbose headers   'content-length': '5319',
43 verbose headers   'accept-ranges': 'bytes',
43 verbose headers   via: '1.1 varnish',
43 verbose headers   'x-served-by': 'cache-fra1235-FRA',
43 verbose headers   'x-cache': 'MISS',
43 verbose headers   'x-cache-hits': '0',
43 verbose headers   'x-timer': 'S1413799581.375090,VS0,VE2505',
43 verbose headers   'keep-alive': 'timeout=10, max=50',
43 verbose headers   connection: 'Keep-Alive' }
44 error publish Failed PUT 403
45 error Error: forbidden cannot modify pre-existing version: 0.0.6
45 error old={"name":"generator-ullasoc","version":"0.0.6","description":"Scaffold out a front-end web with social login","license":"MIT","main":"app/index.js","repository":{"type":"git","url":"https://github.com/cherijs/generator-ullasoc.git"},"author":{"name":"Arturs Cirsis","email":"arturs.cirsis@gmail.com","url":"https://github.com/cherijs"},"engines":{"node":">=0.10.0","npm":">=1.2.10"},"scripts":{"test":"mocha"},"files":["app"],"keywords":["yeoman-generator","web","front-end","h5bp","html","boilerplate","template","sass","modernizr","jquery","grunt"],"dependencies":{"chalk":"^0.4.0","cheerio":"^0.17.0","yeoman-generator":"~0.16.0","yosay":"^0.2.0"},"peerDependencies":{"yo":">=1.0.0"},"devDependencies":{"mocha":"*","underscore":"^1.6.0"},"bugs":{"url":"https://github.com/cherijs/generator-ullasoc/issues"},"homepage":"https://github.com/cherijs/generator-ullasoc","_id":"generator-ullasoc@0.0.6","_shasum":"c626702749f31ac2010b13c488bc86bf6f8a342e","_from":".","_npmVersion":"1.4.9","_npmUser":{"name":"cherijs","email":"arturs.cirsis@gmail.com"},"maintainers":[{"name":"cherijs","email":"arturs.cirsis@gmail.com"}],"dist":{"shasum":"c626702749f31ac2010b13c488bc86bf6f8a342e","tarball":"http://registry.npmjs.org/generator-ullasoc/-/generator-ullasoc-0.0.6.tgz"}}
45 error new={"name":"generator-ullasoc","version":"0.0.6","description":"Scaffold out a front-end web with social login","license":"MIT","main":"app/index.js","repository":{"type":"git","url":"https://github.com/cherijs/generator-ullasoc.git"},"author":{"name":"Arturs Cirsis","email":"arturs.cirsis@gmail.com","url":"https://github.com/cherijs"},"engines":{"node":">=0.10.0","npm":">=1.2.10"},"scripts":{"test":"mocha"},"files":["app"],"keywords":["yeoman-generator","web","front-end","h5bp","html","boilerplate","template","sass","modernizr","jquery","grunt"],"dependencies":{"chalk":"^0.4.0","cheerio":"^0.17.0","yeoman-generator":"~0.16.0","yosay":"^0.2.0"},"peerDependencies":{"yo":">=1.0.0"},"devDependencies":{"mocha":"*","underscore":"^1.6.0"},"readme":"# generator-Ullasoc [![Build Status](https://secure.travis-ci.org/cherijs/generator-ullasoc.png?branch=master)](https://travis-ci.org/cherijs/generator-ullasoc)\u000a\u000a> [Yeoman](http://yeoman.io) generator\u000a\u000a\u000a## Getting Started\u000a\u000a\u000a```bash\u000a$ npm install -g yo\u000a```\u000a\u000a### Yeoman Generators\u000a\u000aYeoman travels light. He didn't pack any generators when he moved in. You can think of a generator like a plug-in. You get to choose what type of application you wish to create, such as a Backbone application or even a Chrome extension.\u000a\u000aTo install generator-Ullasoc from npm, run:\u000a\u000a```bash\u000a$ npm install -g generator-ullasoc\u000a```\u000a\u000aFinally, initiate the generator:\u000a\u000a```bash\u000a$ yo ullasoc\u000a```\u000a\u000a\u000a\u000a### Steps you need to do!!!\u000a\u000a1. Laounch MAMP and make virtual host to this (root) folder! ex: http://localhost\u000a2. start grunt server with command: $ grunt\u000a\u000aHappy coding :)\u000a\u000a\u000a### Grunt commands\u000a\u000aTo start Grunt server (compass, browsersync) type:\u000a\u000a```bash\u000a$ grunt\u000a```\u000a\u000aTo add bower component\u000a```bash\u000a$ bower install jQuery -—save\u000a```\u000a\u000aTo remove bower component\u000a```bash\u000a$ bower uninstall jQuery -—save\u000a```\u000a\u000aTo link added bower components to html (no need to do it, if you adding bower components like example before and you are in server mode)\u000a```bash\u000a$ grunt bowerInstall\u000a```\u000a\u000a\u000a To build production build\u000a\u000a```bash\u000a$ grunt build\u000a```\u000a\u000a\u000a### Getting To Know Yeoman\u000a\u000aYeoman has a heart of gold. He's a person with feelings and opinions, but he's very easy to work with. If you think he's too opinionated, he can be easily convinced.\u000a\u000aIf you'd like to get to know Yeoman better and meet some of his friends, [Grunt](http://gruntjs.com) and [Bower](http://bower.io), check out the complete [Getting Started Guide](https://github.com/yeoman/yeoman/wiki/Getting-Started).\u000a\u000a\u000a## License\u000a\u000aMIT\u000a","readmeFilename":"README.md","gitHead":"da6603275cdb122a35858fb76b57a62b2bc662d6","bugs":{"url":"https://github.com/cherijs/generator-ullasoc/issues"},"homepage":"https://github.com/cherijs/generator-ullasoc","_id":"generator-ullasoc@0.0.6","_shasum":"b9f018f8881bc0fc7d7b1ee7b83c857692484a83","_from":".","_npmVersion":"2.0.0-alpha-5","_npmUser":{"name":"cherijs","email":"arturs.cirsis@gmail.com"},"maintainers":[{"name":"cherijs","email":"arturs.cirsis@gmail.com"}],"dist":{"shasum":"b9f018f8881bc0fc7d7b1ee7b83c857692484a83","tarball":"http://registry.npmjs.org/generator-ullasoc/-/generator-ullasoc-0.0.6.tgz"}}: generator-ullasoc
45 error     at RegClient.<anonymous> (/usr/local/lib/node_modules/npm/node_modules/npm-registry-client/lib/request.js:313:14)
45 error     at Request._callback (/usr/local/lib/node_modules/npm/node_modules/npm-registry-client/lib/request.js:251:65)
45 error     at Request.self.callback (/usr/local/lib/node_modules/npm/node_modules/request/request.js:123:22)
45 error     at Request.EventEmitter.emit (events.js:98:17)
45 error     at Request.<anonymous> (/usr/local/lib/node_modules/npm/node_modules/request/request.js:893:14)
45 error     at Request.EventEmitter.emit (events.js:117:20)
45 error     at IncomingMessage.<anonymous> (/usr/local/lib/node_modules/npm/node_modules/request/request.js:844:12)
45 error     at IncomingMessage.EventEmitter.emit (events.js:117:20)
45 error     at _stream_readable.js:919:16
45 error     at process._tickCallback (node.js:419:13)
46 error If you need help, you may report this *entire* log,
46 error including the npm and node versions, at:
46 error     <http://github.com/npm/npm/issues>
47 error System Darwin 14.0.0
48 error command "node" "/usr/local/bin/npm" "publish"
49 error cwd /Users/cherijs/_REPO/generator-ullasoc
50 error node -v v0.10.28
51 error npm -v 2.0.0-alpha-5
52 verbose exit [ 1, true ]
